<?xml version="1.0" encoding="UTF-8"?>
<!-- Generated by org.testng.reporters.JUnitReportReporter -->
<testsuite skipped="0" hostname="LAPTOP-7PNJT95L" name="E2EMaven.Test1" tests="2" failures="0" timestamp="12 Apr 2020 12:56:54 GMT" time="51.534" errors="0">
  <testcase name="InvokeBrowser" time="24.548" classname="E2EMaven.Test1"/>
  <testcase name="InvokeBrowser" time="26.986" classname="E2EMaven.Test1"/>
</testsuite> <!-- E2EMaven.Test1 -->
