<?xml version="1.0" encoding="UTF-8"?>
<!-- Generated by org.testng.reporters.JUnitReportReporter -->
<testsuite skipped="0" hostname="LAPTOP-7PNJT95L" name="E2EMaven.Test1" tests="2" failures="0" timestamp="12 Apr 2020 13:01:50 GMT" time="55.628" errors="0">
  <testcase name="InvokeBrowser" time="32.365" classname="E2EMaven.Test1"/>
  <testcase name="InvokeBrowser" time="23.263" classname="E2EMaven.Test1"/>
</testsuite> <!-- E2EMaven.Test1 -->
